<?xml version="1.0" encoding="UTF-8"?>
<testng-results ignored="0" total="1" passed="1" failed="0" skipped="0">
  <reporter-output>
  </reporter-output>
  <suite started-at="2023-11-19T20:19:31 IST" name="Default suite" finished-at="2023-11-19T20:19:52 IST" duration-ms="21590">
    <groups>
    </groups>
    <test started-at="2023-11-19T20:19:31 IST" name="Default test" finished-at="2023-11-19T20:19:52 IST" duration-ms="21590">
      <class name="com.pom.tests.LoginTest">
        <test-method is-config="true" signature="beforeSuite()[pri:0, instance:com.pom.tests.LoginTest@47eaca72]" started-at="2023-11-19T20:19:31 IST" name="beforeSuite" finished-at="2023-11-19T20:19:31 IST" duration-ms="16" status="PASS">
          <reporter-output>
          </reporter-output>
        </test-method> <!-- beforeSuite -->
        <test-method is-config="true" signature="beforeMethod()[pri:0, instance:com.pom.tests.LoginTest@47eaca72]" started-at="2023-11-19T20:19:31 IST" name="beforeMethod" finished-at="2023-11-19T20:19:32 IST" duration-ms="1705" status="PASS">
          <reporter-output>
          </reporter-output>
        </test-method> <!-- beforeMethod -->
        <test-method signature="loginTestWithValidCredentials()[pri:0, instance:com.pom.tests.LoginTest@47eaca72]" started-at="2023-11-19T20:19:32 IST" name="loginTestWithValidCredentials" finished-at="2023-11-19T20:19:52 IST" duration-ms="19548" status="PASS">
          <reporter-output>
          </reporter-output>
        </test-method> <!-- loginTestWithValidCredentials -->
        <test-method is-config="true" signature="afterMethod()[pri:0, instance:com.pom.tests.LoginTest@47eaca72]" started-at="2023-11-19T20:19:52 IST" name="afterMethod" finished-at="2023-11-19T20:19:52 IST" duration-ms="287" status="PASS">
          <reporter-output>
          </reporter-output>
        </test-method> <!-- afterMethod -->
        <test-method is-config="true" signature="afterSuite()[pri:0, instance:com.pom.tests.LoginTest@47eaca72]" started-at="2023-11-19T20:19:52 IST" name="afterSuite" finished-at="2023-11-19T20:19:52 IST" duration-ms="0" status="PASS">
          <reporter-output>
          </reporter-output>
        </test-method> <!-- afterSuite -->
      </class> <!-- com.pom.tests.LoginTest -->
    </test> <!-- Default test -->
  </suite> <!-- Default suite -->
</testng-results>
